2017-05-31 12:10:50,157 [ERROR] default: Compressed file not found on device
2017-05-31 12:10:50,237 [ERROR] default: Compressed file not found on device
2017-05-31 12:28:59,423 [ERROR] default: Path error while uploading to cloudinary /home/kuliza-342/Desktop/squadrun/squadrun_task/static/compressed_50sample_jkleQCR.gif
2017-05-31 12:28:59,507 [ERROR] default: Path error while uploading to cloudinary /home/kuliza-342/Desktop/squadrun/squadrun_task/static/compressed_5041qJGxrMW0L._SL500_AA300_.jpg
2017-05-31 12:28:59,597 [ERROR] default: Path error while uploading to cloudinary /home/kuliza-342/Desktop/squadrun/squadrun_task/static/compressed_5031Ow34IxNeL._AA300_.jpg
2017-05-31 12:29:01,713 [ERROR] default: Path error while uploading to cloudinary /home/kuliza-342/Desktop/squadrun/squadrun_task/static/compressed_50sample-1.jpg
2017-05-31 12:29:58,692 [WARNING] py.warnings: /home/kuliza-342/Desktop/tribe/lib/python3.5/site-packages/urllib3/connectionpool.py:852: InsecureRequestWarning: Unverified HTTPS request is being made. Adding certificate verification is strongly advised. See: https://urllib3.readthedocs.io/en/latest/advanced-usage.html#ssl-warnings
  InsecureRequestWarning)

2017-05-31 12:29:59,528 [WARNING] py.warnings: /home/kuliza-342/Desktop/tribe/lib/python3.5/site-packages/urllib3/connectionpool.py:852: InsecureRequestWarning: Unverified HTTPS request is being made. Adding certificate verification is strongly advised. See: https://urllib3.readthedocs.io/en/latest/advanced-usage.html#ssl-warnings
  InsecureRequestWarning)

2017-05-31 12:32:45,238 [WARNING] py.warnings: /home/kuliza-342/Desktop/tribe/lib/python3.5/site-packages/urllib3/connectionpool.py:852: InsecureRequestWarning: Unverified HTTPS request is being made. Adding certificate verification is strongly advised. See: https://urllib3.readthedocs.io/en/latest/advanced-usage.html#ssl-warnings
  InsecureRequestWarning)

2017-05-31 12:32:48,502 [WARNING] py.warnings: /home/kuliza-342/Desktop/tribe/lib/python3.5/site-packages/urllib3/connectionpool.py:852: InsecureRequestWarning: Unverified HTTPS request is being made. Adding certificate verification is strongly advised. See: https://urllib3.readthedocs.io/en/latest/advanced-usage.html#ssl-warnings
  InsecureRequestWarning)

2017-05-31 12:32:49,225 [WARNING] py.warnings: /home/kuliza-342/Desktop/tribe/lib/python3.5/site-packages/urllib3/connectionpool.py:852: InsecureRequestWarning: Unverified HTTPS request is being made. Adding certificate verification is strongly advised. See: https://urllib3.readthedocs.io/en/latest/advanced-usage.html#ssl-warnings
  InsecureRequestWarning)

2017-05-31 12:32:51,906 [WARNING] py.warnings: /home/kuliza-342/Desktop/tribe/lib/python3.5/site-packages/urllib3/connectionpool.py:852: InsecureRequestWarning: Unverified HTTPS request is being made. Adding certificate verification is strongly advised. See: https://urllib3.readthedocs.io/en/latest/advanced-usage.html#ssl-warnings
  InsecureRequestWarning)

2017-05-31 12:49:44,936 [WARNING] py.warnings: /home/kuliza-342/Desktop/tribe/lib/python3.5/site-packages/urllib3/connectionpool.py:852: InsecureRequestWarning: Unverified HTTPS request is being made. Adding certificate verification is strongly advised. See: https://urllib3.readthedocs.io/en/latest/advanced-usage.html#ssl-warnings
  InsecureRequestWarning)

2017-05-31 12:49:48,540 [WARNING] py.warnings: /home/kuliza-342/Desktop/tribe/lib/python3.5/site-packages/urllib3/connectionpool.py:852: InsecureRequestWarning: Unverified HTTPS request is being made. Adding certificate verification is strongly advised. See: https://urllib3.readthedocs.io/en/latest/advanced-usage.html#ssl-warnings
  InsecureRequestWarning)

2017-05-31 12:50:33,166 [WARNING] py.warnings: /home/kuliza-342/Desktop/tribe/lib/python3.5/site-packages/urllib3/connectionpool.py:852: InsecureRequestWarning: Unverified HTTPS request is being made. Adding certificate verification is strongly advised. See: https://urllib3.readthedocs.io/en/latest/advanced-usage.html#ssl-warnings
  InsecureRequestWarning)

2017-05-31 12:55:07,598 [WARNING] py.warnings: /home/kuliza-342/Desktop/tribe/lib/python3.5/site-packages/urllib3/connectionpool.py:852: InsecureRequestWarning: Unverified HTTPS request is being made. Adding certificate verification is strongly advised. See: https://urllib3.readthedocs.io/en/latest/advanced-usage.html#ssl-warnings
  InsecureRequestWarning)

2017-05-31 12:55:08,256 [WARNING] py.warnings: /home/kuliza-342/Desktop/tribe/lib/python3.5/site-packages/urllib3/connectionpool.py:852: InsecureRequestWarning: Unverified HTTPS request is being made. Adding certificate verification is strongly advised. See: https://urllib3.readthedocs.io/en/latest/advanced-usage.html#ssl-warnings
  InsecureRequestWarning)

2017-05-31 12:55:11,188 [WARNING] py.warnings: /home/kuliza-342/Desktop/tribe/lib/python3.5/site-packages/urllib3/connectionpool.py:852: InsecureRequestWarning: Unverified HTTPS request is being made. Adding certificate verification is strongly advised. See: https://urllib3.readthedocs.io/en/latest/advanced-usage.html#ssl-warnings
  InsecureRequestWarning)

2017-05-31 12:55:12,682 [WARNING] py.warnings: /home/kuliza-342/Desktop/tribe/lib/python3.5/site-packages/urllib3/connectionpool.py:852: InsecureRequestWarning: Unverified HTTPS request is being made. Adding certificate verification is strongly advised. See: https://urllib3.readthedocs.io/en/latest/advanced-usage.html#ssl-warnings
  InsecureRequestWarning)

2017-05-31 12:59:40,001 [WARNING] py.warnings: /home/kuliza-342/Desktop/tribe/lib/python3.5/site-packages/urllib3/connectionpool.py:852: InsecureRequestWarning: Unverified HTTPS request is being made. Adding certificate verification is strongly advised. See: https://urllib3.readthedocs.io/en/latest/advanced-usage.html#ssl-warnings
  InsecureRequestWarning)

2017-05-31 13:00:28,341 [WARNING] py.warnings: /home/kuliza-342/Desktop/tribe/lib/python3.5/site-packages/urllib3/connectionpool.py:852: InsecureRequestWarning: Unverified HTTPS request is being made. Adding certificate verification is strongly advised. See: https://urllib3.readthedocs.io/en/latest/advanced-usage.html#ssl-warnings
  InsecureRequestWarning)

2017-05-31 13:01:14,876 [WARNING] py.warnings: /home/kuliza-342/Desktop/tribe/lib/python3.5/site-packages/urllib3/connectionpool.py:852: InsecureRequestWarning: Unverified HTTPS request is being made. Adding certificate verification is strongly advised. See: https://urllib3.readthedocs.io/en/latest/advanced-usage.html#ssl-warnings
  InsecureRequestWarning)

2017-05-31 13:01:47,653 [WARNING] py.warnings: /home/kuliza-342/Desktop/tribe/lib/python3.5/site-packages/urllib3/connectionpool.py:852: InsecureRequestWarning: Unverified HTTPS request is being made. Adding certificate verification is strongly advised. See: https://urllib3.readthedocs.io/en/latest/advanced-usage.html#ssl-warnings
  InsecureRequestWarning)

2017-05-31 13:02:42,273 [WARNING] py.warnings: /home/kuliza-342/Desktop/tribe/lib/python3.5/site-packages/urllib3/connectionpool.py:852: InsecureRequestWarning: Unverified HTTPS request is being made. Adding certificate verification is strongly advised. See: https://urllib3.readthedocs.io/en/latest/advanced-usage.html#ssl-warnings
  InsecureRequestWarning)

2017-05-31 13:03:41,570 [WARNING] py.warnings: /home/kuliza-342/Desktop/tribe/lib/python3.5/site-packages/urllib3/connectionpool.py:852: InsecureRequestWarning: Unverified HTTPS request is being made. Adding certificate verification is strongly advised. See: https://urllib3.readthedocs.io/en/latest/advanced-usage.html#ssl-warnings
  InsecureRequestWarning)

2017-05-31 13:08:59,305 [WARNING] py.warnings: /home/kuliza-342/Desktop/tribe/lib/python3.5/site-packages/urllib3/connectionpool.py:852: InsecureRequestWarning: Unverified HTTPS request is being made. Adding certificate verification is strongly advised. See: https://urllib3.readthedocs.io/en/latest/advanced-usage.html#ssl-warnings
  InsecureRequestWarning)

2017-05-31 13:09:02,378 [ERROR] django.request: Internal Server Error: /compression/index/
Traceback (most recent call last):
  File "/home/kuliza-342/Desktop/tribe/lib/python3.5/site-packages/django/core/handlers/base.py", line 149, in get_response
    response = self.process_exception_by_middleware(e, request)
  File "/home/kuliza-342/Desktop/tribe/lib/python3.5/site-packages/django/core/handlers/base.py", line 147, in get_response
    response = wrapped_callback(request, *callback_args, **callback_kwargs)
  File "/home/kuliza-342/Desktop/tribe/lib/python3.5/site-packages/django/views/generic/base.py", line 68, in view
    return self.dispatch(request, *args, **kwargs)
  File "/home/kuliza-342/Desktop/tribe/lib/python3.5/site-packages/django/views/generic/base.py", line 88, in dispatch
    return handler(request, *args, **kwargs)
  File "/home/kuliza-342/Desktop/squadrun/squadrun_task/compression/views.py", line 68, in post
    image_list_original_written.append({'url':image_data['url'],'message':compression_constants[image_data['type']]})
TypeError: 'module' object is not subscriptable
2017-05-31 13:10:51,641 [WARNING] py.warnings: /home/kuliza-342/Desktop/tribe/lib/python3.5/site-packages/urllib3/connectionpool.py:852: InsecureRequestWarning: Unverified HTTPS request is being made. Adding certificate verification is strongly advised. See: https://urllib3.readthedocs.io/en/latest/advanced-usage.html#ssl-warnings
  InsecureRequestWarning)

2017-05-31 13:10:52,664 [ERROR] django.request: Internal Server Error: /compression/index/
Traceback (most recent call last):
  File "/home/kuliza-342/Desktop/tribe/lib/python3.5/site-packages/django/core/handlers/base.py", line 149, in get_response
    response = self.process_exception_by_middleware(e, request)
  File "/home/kuliza-342/Desktop/tribe/lib/python3.5/site-packages/django/core/handlers/base.py", line 147, in get_response
    response = wrapped_callback(request, *callback_args, **callback_kwargs)
  File "/home/kuliza-342/Desktop/tribe/lib/python3.5/site-packages/django/views/generic/base.py", line 68, in view
    return self.dispatch(request, *args, **kwargs)
  File "/home/kuliza-342/Desktop/tribe/lib/python3.5/site-packages/django/views/generic/base.py", line 88, in dispatch
    return handler(request, *args, **kwargs)
  File "/home/kuliza-342/Desktop/squadrun/squadrun_task/compression/views.py", line 69, in post
    compression_constants.UPLOADED_TYPE[image_data['type']]})
KeyError: 1
2017-05-31 13:11:33,437 [WARNING] py.warnings: /home/kuliza-342/Desktop/tribe/lib/python3.5/site-packages/urllib3/connectionpool.py:852: InsecureRequestWarning: Unverified HTTPS request is being made. Adding certificate verification is strongly advised. See: https://urllib3.readthedocs.io/en/latest/advanced-usage.html#ssl-warnings
  InsecureRequestWarning)

2017-05-31 13:11:34,632 [WARNING] py.warnings: /home/kuliza-342/Desktop/tribe/lib/python3.5/site-packages/urllib3/connectionpool.py:852: InsecureRequestWarning: Unverified HTTPS request is being made. Adding certificate verification is strongly advised. See: https://urllib3.readthedocs.io/en/latest/advanced-usage.html#ssl-warnings
  InsecureRequestWarning)

2017-05-31 13:11:35,452 [WARNING] py.warnings: /home/kuliza-342/Desktop/tribe/lib/python3.5/site-packages/urllib3/connectionpool.py:852: InsecureRequestWarning: Unverified HTTPS request is being made. Adding certificate verification is strongly advised. See: https://urllib3.readthedocs.io/en/latest/advanced-usage.html#ssl-warnings
  InsecureRequestWarning)

2017-05-31 13:11:38,442 [WARNING] py.warnings: /home/kuliza-342/Desktop/tribe/lib/python3.5/site-packages/urllib3/connectionpool.py:852: InsecureRequestWarning: Unverified HTTPS request is being made. Adding certificate verification is strongly advised. See: https://urllib3.readthedocs.io/en/latest/advanced-usage.html#ssl-warnings
  InsecureRequestWarning)

2017-05-31 13:11:39,317 [WARNING] py.warnings: /home/kuliza-342/Desktop/tribe/lib/python3.5/site-packages/urllib3/connectionpool.py:852: InsecureRequestWarning: Unverified HTTPS request is being made. Adding certificate verification is strongly advised. See: https://urllib3.readthedocs.io/en/latest/advanced-usage.html#ssl-warnings
  InsecureRequestWarning)

2017-05-31 13:15:30,347 [WARNING] py.warnings: /home/kuliza-342/Desktop/tribe/lib/python3.5/site-packages/urllib3/connectionpool.py:852: InsecureRequestWarning: Unverified HTTPS request is being made. Adding certificate verification is strongly advised. See: https://urllib3.readthedocs.io/en/latest/advanced-usage.html#ssl-warnings
  InsecureRequestWarning)

2017-05-31 13:15:31,695 [WARNING] py.warnings: /home/kuliza-342/Desktop/tribe/lib/python3.5/site-packages/urllib3/connectionpool.py:852: InsecureRequestWarning: Unverified HTTPS request is being made. Adding certificate verification is strongly advised. See: https://urllib3.readthedocs.io/en/latest/advanced-usage.html#ssl-warnings
  InsecureRequestWarning)

2017-05-31 13:15:32,669 [WARNING] py.warnings: /home/kuliza-342/Desktop/tribe/lib/python3.5/site-packages/urllib3/connectionpool.py:852: InsecureRequestWarning: Unverified HTTPS request is being made. Adding certificate verification is strongly advised. See: https://urllib3.readthedocs.io/en/latest/advanced-usage.html#ssl-warnings
  InsecureRequestWarning)

2017-05-31 13:15:33,773 [WARNING] py.warnings: /home/kuliza-342/Desktop/tribe/lib/python3.5/site-packages/urllib3/connectionpool.py:852: InsecureRequestWarning: Unverified HTTPS request is being made. Adding certificate verification is strongly advised. See: https://urllib3.readthedocs.io/en/latest/advanced-usage.html#ssl-warnings
  InsecureRequestWarning)

2017-05-31 13:22:11,993 [WARNING] py.warnings: /home/kuliza-342/Desktop/tribe/lib/python3.5/site-packages/urllib3/connectionpool.py:852: InsecureRequestWarning: Unverified HTTPS request is being made. Adding certificate verification is strongly advised. See: https://urllib3.readthedocs.io/en/latest/advanced-usage.html#ssl-warnings
  InsecureRequestWarning)

2017-05-31 13:22:16,486 [WARNING] py.warnings: /home/kuliza-342/Desktop/tribe/lib/python3.5/site-packages/urllib3/connectionpool.py:852: InsecureRequestWarning: Unverified HTTPS request is being made. Adding certificate verification is strongly advised. See: https://urllib3.readthedocs.io/en/latest/advanced-usage.html#ssl-warnings
  InsecureRequestWarning)

2017-05-31 13:22:17,501 [WARNING] py.warnings: /home/kuliza-342/Desktop/tribe/lib/python3.5/site-packages/urllib3/connectionpool.py:852: InsecureRequestWarning: Unverified HTTPS request is being made. Adding certificate verification is strongly advised. See: https://urllib3.readthedocs.io/en/latest/advanced-usage.html#ssl-warnings
  InsecureRequestWarning)

2017-05-31 13:22:18,425 [WARNING] py.warnings: /home/kuliza-342/Desktop/tribe/lib/python3.5/site-packages/urllib3/connectionpool.py:852: InsecureRequestWarning: Unverified HTTPS request is being made. Adding certificate verification is strongly advised. See: https://urllib3.readthedocs.io/en/latest/advanced-usage.html#ssl-warnings
  InsecureRequestWarning)

2017-05-31 13:22:22,343 [WARNING] py.warnings: /home/kuliza-342/Desktop/tribe/lib/python3.5/site-packages/urllib3/connectionpool.py:852: InsecureRequestWarning: Unverified HTTPS request is being made. Adding certificate verification is strongly advised. See: https://urllib3.readthedocs.io/en/latest/advanced-usage.html#ssl-warnings
  InsecureRequestWarning)

2017-05-31 13:22:23,359 [WARNING] py.warnings: /home/kuliza-342/Desktop/tribe/lib/python3.5/site-packages/urllib3/connectionpool.py:852: InsecureRequestWarning: Unverified HTTPS request is being made. Adding certificate verification is strongly advised. See: https://urllib3.readthedocs.io/en/latest/advanced-usage.html#ssl-warnings
  InsecureRequestWarning)

2017-05-31 13:23:47,926 [WARNING] py.warnings: /home/kuliza-342/Desktop/tribe/lib/python3.5/site-packages/urllib3/connectionpool.py:852: InsecureRequestWarning: Unverified HTTPS request is being made. Adding certificate verification is strongly advised. See: https://urllib3.readthedocs.io/en/latest/advanced-usage.html#ssl-warnings
  InsecureRequestWarning)

2017-05-31 13:23:54,220 [WARNING] py.warnings: /home/kuliza-342/Desktop/tribe/lib/python3.5/site-packages/urllib3/connectionpool.py:852: InsecureRequestWarning: Unverified HTTPS request is being made. Adding certificate verification is strongly advised. See: https://urllib3.readthedocs.io/en/latest/advanced-usage.html#ssl-warnings
  InsecureRequestWarning)

2017-05-31 13:25:37,100 [WARNING] py.warnings: /home/kuliza-342/Desktop/tribe/lib/python3.5/site-packages/urllib3/connectionpool.py:852: InsecureRequestWarning: Unverified HTTPS request is being made. Adding certificate verification is strongly advised. See: https://urllib3.readthedocs.io/en/latest/advanced-usage.html#ssl-warnings
  InsecureRequestWarning)

2017-05-31 13:25:37,906 [WARNING] py.warnings: /home/kuliza-342/Desktop/tribe/lib/python3.5/site-packages/urllib3/connectionpool.py:852: InsecureRequestWarning: Unverified HTTPS request is being made. Adding certificate verification is strongly advised. See: https://urllib3.readthedocs.io/en/latest/advanced-usage.html#ssl-warnings
  InsecureRequestWarning)

2017-05-31 13:25:40,639 [WARNING] py.warnings: /home/kuliza-342/Desktop/tribe/lib/python3.5/site-packages/urllib3/connectionpool.py:852: InsecureRequestWarning: Unverified HTTPS request is being made. Adding certificate verification is strongly advised. See: https://urllib3.readthedocs.io/en/latest/advanced-usage.html#ssl-warnings
  InsecureRequestWarning)

2017-05-31 13:25:41,212 [WARNING] py.warnings: /home/kuliza-342/Desktop/tribe/lib/python3.5/site-packages/urllib3/connectionpool.py:852: InsecureRequestWarning: Unverified HTTPS request is being made. Adding certificate verification is strongly advised. See: https://urllib3.readthedocs.io/en/latest/advanced-usage.html#ssl-warnings
  InsecureRequestWarning)

2017-05-31 13:27:47,892 [WARNING] py.warnings: /home/kuliza-342/Desktop/tribe/lib/python3.5/site-packages/urllib3/connectionpool.py:852: InsecureRequestWarning: Unverified HTTPS request is being made. Adding certificate verification is strongly advised. See: https://urllib3.readthedocs.io/en/latest/advanced-usage.html#ssl-warnings
  InsecureRequestWarning)

2017-05-31 13:27:49,078 [WARNING] py.warnings: /home/kuliza-342/Desktop/tribe/lib/python3.5/site-packages/urllib3/connectionpool.py:852: InsecureRequestWarning: Unverified HTTPS request is being made. Adding certificate verification is strongly advised. See: https://urllib3.readthedocs.io/en/latest/advanced-usage.html#ssl-warnings
  InsecureRequestWarning)

2017-05-31 13:27:49,859 [WARNING] py.warnings: /home/kuliza-342/Desktop/tribe/lib/python3.5/site-packages/urllib3/connectionpool.py:852: InsecureRequestWarning: Unverified HTTPS request is being made. Adding certificate verification is strongly advised. See: https://urllib3.readthedocs.io/en/latest/advanced-usage.html#ssl-warnings
  InsecureRequestWarning)

2017-05-31 13:27:52,482 [WARNING] py.warnings: /home/kuliza-342/Desktop/tribe/lib/python3.5/site-packages/urllib3/connectionpool.py:852: InsecureRequestWarning: Unverified HTTPS request is being made. Adding certificate verification is strongly advised. See: https://urllib3.readthedocs.io/en/latest/advanced-usage.html#ssl-warnings
  InsecureRequestWarning)

2017-05-31 13:27:53,153 [WARNING] py.warnings: /home/kuliza-342/Desktop/tribe/lib/python3.5/site-packages/urllib3/connectionpool.py:852: InsecureRequestWarning: Unverified HTTPS request is being made. Adding certificate verification is strongly advised. See: https://urllib3.readthedocs.io/en/latest/advanced-usage.html#ssl-warnings
  InsecureRequestWarning)

2017-05-31 13:29:31,086 [WARNING] py.warnings: /home/kuliza-342/Desktop/tribe/lib/python3.5/site-packages/urllib3/connectionpool.py:852: InsecureRequestWarning: Unverified HTTPS request is being made. Adding certificate verification is strongly advised. See: https://urllib3.readthedocs.io/en/latest/advanced-usage.html#ssl-warnings
  InsecureRequestWarning)

2017-05-31 13:29:31,884 [WARNING] py.warnings: /home/kuliza-342/Desktop/tribe/lib/python3.5/site-packages/urllib3/connectionpool.py:852: InsecureRequestWarning: Unverified HTTPS request is being made. Adding certificate verification is strongly advised. See: https://urllib3.readthedocs.io/en/latest/advanced-usage.html#ssl-warnings
  InsecureRequestWarning)

